# JRE version: OpenJDK Runtime Environment (8.0_76-b03) (build 1.8.0_76-release-b03)
# Java VM: OpenJDK 64-Bit Server VM (25.76-b03 mixed mode windows-amd64 compressed oops)
Heap:
 PSYoungGen      total 286208K, used 283588K [0x00000000eab00000, 0x0000000100000000, 0x0000000100000000)
  eden space 252928K, 99% used [0x00000000eab00000,0x00000000f9fb4820,0x00000000fa200000)
  from space 33280K, 99% used [0x00000000fa200000,0x00000000fc23c8b0,0x00000000fc280000)
  to   space 51712K, 20% used [0x00000000fcd80000,0x00000000fd7a8018,0x0000000100000000)
 ParOldGen       total 221184K, used 56248K [0x00000000c0000000, 0x00000000cd800000, 0x00000000eab00000)
  object space 221184K, 25% used [0x00000000c0000000,0x00000000c36ee350,0x00000000cd800000)
 Metaspace       used 76149K, capacity 79502K, committed 83624K, reserved 1122304K
  class space    used 9717K, capacity 10208K, committed 10928K, reserved 1048576K
GC Heap History (10 events):
Event: 2387.283 GC heap after
Heap after GC invocations=87 (full 11):
 PSYoungGen      total 297472K, used 35998K [0x00000000eab00000, 0x0000000100000000, 0x0000000100000000)
  eden space 258048K, 0% used [0x00000000eab00000,0x00000000eab00000,0x00000000fa700000)
  from space 39424K, 91% used [0x00000000fd900000,0x00000000ffc27bd0,0x00000000fff80000)
  to   space 45568K, 0% used [0x00000000fa700000,0x00000000fa700000,0x00000000fd380000)
 ParOldGen       total 221184K, used 77462K [0x00000000c0000000, 0x00000000cd800000, 0x00000000eab00000)
  object space 221184K, 35% used [0x00000000c0000000,0x00000000c4ba5998,0x00000000cd800000)
 Metaspace       used 80050K, capacity 83453K, committed 83624K, reserved 1122304K
  class space    used 10369K, capacity 10881K, committed 10928K, reserved 1048576K
}
Event: 2387.748 GC heap before
{Heap before GC invocations=88 (full 11):
 PSYoungGen      total 297472K, used 293419K [0x00000000eab00000, 0x0000000100000000, 0x0000000100000000)
  eden space 258048K, 99% used [0x00000000eab00000,0x00000000fa6630a8,0x00000000fa700000)
  from space 39424K, 91% used [0x00000000fd900000,0x00000000ffc27bd0,0x00000000fff80000)
  to   space 45568K, 0% used [0x00000000fa700000,0x00000000fa700000,0x00000000fd380000)
 ParOldGen       total 221184K, used 141975K [0x00000000c0000000, 0x00000000cd800000, 0x00000000eab00000)
  object space 221184K, 64% used [0x00000000c0000000,0x00000000c8aa5d88,0x00000000cd800000)
 Metaspace       used 80063K, capacity 83453K, committed 83624K, reserved 1122304K
  class space    used 10371K, capacity 10881K, committed 10928K, reserved 1048576K
Event: 2387.760 GC heap after
Heap after GC invocations=88 (full 11):
 PSYoungGen      total 288256K, used 29865K [0x00000000eab00000, 0x0000000100000000, 0x0000000100000000)
  eden space 258048K, 0% used [0x00000000eab00000,0x00000000eab00000,0x00000000fa700000)
  from space 30208K, 98% used [0x00000000fa700000,0x00000000fc42a6f8,0x00000000fc480000)
  to   space 48640K, 0% used [0x00000000fd080000,0x00000000fd080000,0x0000000100000000)
 ParOldGen       total 221184K, used 141983K [0x00000000c0000000, 0x00000000cd800000, 0x00000000eab00000)
  object space 221184K, 64% used [0x00000000c0000000,0x00000000c8aa7d88,0x00000000cd800000)
 Metaspace       used 80063K, capacity 83453K, committed 83624K, reserved 1122304K
  class space    used 10371K, capacity 10881K, committed 10928K, reserved 1048576K
}
Event: 2388.426 GC heap before
{Heap before GC invocations=89 (full 11):
 PSYoungGen      total 288256K, used 227563K [0x00000000eab00000, 0x0000000100000000, 0x0000000100000000)
  eden space 258048K, 76% used [0x00000000eab00000,0x00000000f6c10720,0x00000000fa700000)
  from space 30208K, 98% used [0x00000000fa700000,0x00000000fc42a6f8,0x00000000fc480000)
  to   space 48640K, 0% used [0x00000000fd080000,0x00000000fd080000,0x0000000100000000)
 ParOldGen       total 221184K, used 141983K [0x00000000c0000000, 0x00000000cd800000, 0x00000000eab00000)
  object space 221184K, 64% used [0x00000000c0000000,0x00000000c8aa7d88,0x00000000cd800000)
 Metaspace       used 80068K, capacity 83459K, committed 83624K, reserved 1122304K
  class space    used 10371K, capacity 10882K, committed 10928K, reserved 1048576K
Event: 2388.431 GC heap after
Heap after GC invocations=89 (full 11):
 PSYoungGen      total 301568K, used 160K [0x00000000eab00000, 0x0000000100000000, 0x0000000100000000)
  eden space 252928K, 0% used [0x00000000eab00000,0x00000000eab00000,0x00000000fa200000)
  from space 48640K, 0% used [0x00000000fd080000,0x00000000fd0a8000,0x0000000100000000)
  to   space 47616K, 0% used [0x00000000fa200000,0x00000000fa200000,0x00000000fd080000)
 ParOldGen       total 221184K, used 142047K [0x00000000c0000000, 0x00000000cd800000, 0x00000000eab00000)
  object space 221184K, 64% used [0x00000000c0000000,0x00000000c8ab7d88,0x00000000cd800000)
 Metaspace       used 80068K, capacity 83459K, committed 83624K, reserved 1122304K
  class space    used 10371K, capacity 10882K, committed 10928K, reserved 1048576K
}
Event: 2388.431 GC heap before
{Heap before GC invocations=90 (full 12):
 PSYoungGen      total 301568K, used 160K [0x00000000eab00000, 0x0000000100000000, 0x0000000100000000)
  eden space 252928K, 0% used [0x00000000eab00000,0x00000000eab00000,0x00000000fa200000)
  from space 48640K, 0% used [0x00000000fd080000,0x00000000fd0a8000,0x0000000100000000)
  to   space 47616K, 0% used [0x00000000fa200000,0x00000000fa200000,0x00000000fd080000)
 ParOldGen       total 221184K, used 142047K [0x00000000c0000000, 0x00000000cd800000, 0x00000000eab00000)
  object space 221184K, 64% used [0x00000000c0000000,0x00000000c8ab7d88,0x00000000cd800000)
 Metaspace       used 80068K, capacity 83459K, committed 83624K, reserved 1122304K
  class space    used 10371K, capacity 10882K, committed 10928K, reserved 1048576K
Event: 2388.776 GC heap after
Heap after GC invocations=90 (full 12):
 PSYoungGen      total 301568K, used 0K [0x00000000eab00000, 0x0000000100000000, 0x0000000100000000)
  eden space 252928K, 0% used [0x00000000eab00000,0x00000000eab00000,0x00000000fa200000)
  from space 48640K, 0% used [0x00000000fd080000,0x00000000fd080000,0x0000000100000000)
  to   space 47616K, 0% used [0x00000000fa200000,0x00000000fa200000,0x00000000fd080000)
 ParOldGen       total 221184K, used 52731K [0x00000000c0000000, 0x00000000cd800000, 0x00000000eab00000)
  object space 221184K, 23% used [0x00000000c0000000,0x00000000c337ef80,0x00000000cd800000)
 Metaspace       used 75951K, capacity 79206K, committed 83624K, reserved 1122304K
  class space    used 9701K, capacity 10192K, committed 10928K, reserved 1048576K
}
Event: 2782.568 GC heap before
{Heap before GC invocations=91 (full 12):
 PSYoungGen      total 301568K, used 252928K [0x00000000eab00000, 0x0000000100000000, 0x0000000100000000)
  eden space 252928K, 100% used [0x00000000eab00000,0x00000000fa200000,0x00000000fa200000)
  from space 48640K, 0% used [0x00000000fd080000,0x00000000fd080000,0x0000000100000000)
  to   space 47616K, 0% used [0x00000000fa200000,0x00000000fa200000,0x00000000fd080000)
 ParOldGen       total 221184K, used 52731K [0x00000000c0000000, 0x00000000cd800000, 0x00000000eab00000)
  object space 221184K, 23% used [0x00000000c0000000,0x00000000c337ef80,0x00000000cd800000)
 Metaspace       used 76071K, capacity 79358K, committed 83624K, reserved 1122304K
  class space    used 9710K, capacity 10200K, committed 10928K, reserved 1048576K
Event: 2782.602 GC heap after
Heap after GC invocations=91 (full 12):
 PSYoungGen      total 286208K, used 33010K [0x00000000eab00000, 0x0000000100000000, 0x0000000100000000)
  eden space 252928K, 0% used [0x00000000eab00000,0x00000000eab00000,0x00000000fa200000)
  from space 33280K, 99% used [0x00000000fa200000,0x00000000fc23c8b0,0x00000000fc280000)
  to   space 51712K, 0% used [0x00000000fcd80000,0x00000000fcd80000,0x0000000100000000)
 ParOldGen       total 221184K, used 52739K [0x00000000c0000000, 0x00000000cd800000, 0x00000000eab00000)
  object space 221184K, 23% used [0x00000000c0000000,0x00000000c3380f80,0x00000000cd800000)
 Metaspace       used 76071K, capacity 79358K, committed 83624K, reserved 1122304K
  class space    used 9710K, capacity 10200K, committed 10928K, reserved 1048576K
}
Event: 2790.175 GC heap before
{Heap before GC invocations=92 (full 12):
 PSYoungGen      total 286208K, used 283588K [0x00000000eab00000, 0x0000000100000000, 0x0000000100000000)
  eden space 252928K, 99% used [0x00000000eab00000,0x00000000f9fb4820,0x00000000fa200000)
  from space 33280K, 99% used [0x00000000fa200000,0x00000000fc23c8b0,0x00000000fc280000)
  to   space 51712K, 0% used [0x00000000fcd80000,0x00000000fcd80000,0x0000000100000000)
 ParOldGen       total 221184K, used 52739K [0x00000000c0000000, 0x00000000cd800000, 0x00000000eab00000)
  object space 221184K, 23% used [0x00000000c0000000,0x00000000c3380f80,0x00000000cd800000)
 Metaspace       used 76149K, capacity 79502K, committed 83624K, reserved 1122304K
  class space    used 9717K, capacity 10208K, committed 10928K, reserved 1048576K

